<?xml version="1.0" encoding="UTF-8"?>
<testsuite name="AppTest" tests="7" skipped="0" failures="0" errors="0" timestamp="2022-10-17T12:46:02" hostname="LAPTOP-8FLRQPEO" time="0.037">
  <properties/>
  <testcase name="testEstTrie()" classname="AppTest" time="0.025"/>
  <testcase name="testMax()" classname="AppTest" time="0.002"/>
  <testcase name="testMin()" classname="AppTest" time="0.001"/>
  <testcase name="testSize()" classname="AppTest" time="0.001"/>
  <testcase name="testValeurs()" classname="AppTest" time="0.001"/>
  <testcase name="testContient()" classname="AppTest" time="0.001"/>
  <testcase name="testValeur()" classname="AppTest" time="0.001"/>
  <system-out><![CDATA[]]></system-out>
  <system-err><![CDATA[]]></system-err>
</testsuite>
